F:\CEN133-SOFTWARE ENGINEER\PROJECTS\FOOTBALL GOAL\DEBUG\FOOTBALL GOAL.EXE
F:\CEN133-SOFTWARE ENGINEER\PROJECTS\Football Goal\Debug\Football Goal.ilk
F:\CEN133-SOFTWARE ENGINEER\PROJECTS\FOOTBALL GOAL\DEBUG\FOOTBALL GOAL.PDB
F:\CEN133-SOFTWARE ENGINEER\PROJECTS\Football Goal\Football Goal\Debug\cl.command.1.tlog
F:\CEN133-SOFTWARE ENGINEER\PROJECTS\Football Goal\Football Goal\Debug\CL.read.1.tlog
F:\CEN133-SOFTWARE ENGINEER\PROJECTS\Football Goal\Football Goal\Debug\CL.write.1.tlog
F:\CEN133-SOFTWARE ENGINEER\PROJECTS\FOOTBALL GOAL\FOOTBALL GOAL\DEBUG\FOOTBALL GOAL.EXE.EMBED.MANIFEST
F:\CEN133-SOFTWARE ENGINEER\PROJECTS\FOOTBALL GOAL\FOOTBALL GOAL\DEBUG\FOOTBALL GOAL.EXE.EMBED.MANIFEST.RES
F:\CEN133-SOFTWARE ENGINEER\PROJECTS\Football Goal\Football Goal\Debug\Football Goal.exe.embed.manifest
F:\CEN133-SOFTWARE ENGINEER\PROJECTS\Football Goal\Football Goal\Debug\Football Goal.exe.embed.manifest.res
F:\CEN133-SOFTWARE ENGINEER\PROJECTS\Football Goal\Football Goal\Debug\Football Goal.exe.intermediate.manifest
F:\CEN133-SOFTWARE ENGINEER\PROJECTS\Football Goal\Football Goal\Debug\Football Goal.write.1.tlog
F:\CEN133-SOFTWARE ENGINEER\PROJECTS\Football Goal\Football Goal\Debug\Football Goal_manifest.rc
F:\CEN133-SOFTWARE ENGINEER\PROJECTS\FOOTBALL GOAL\FOOTBALL GOAL\DEBUG\GOAL.OBJ
F:\CEN133-SOFTWARE ENGINEER\PROJECTS\Football Goal\Football Goal\Debug\link.5416.read.1.tlog
F:\CEN133-SOFTWARE ENGINEER\PROJECTS\Football Goal\Football Goal\Debug\link.5416.write.1.tlog
F:\CEN133-SOFTWARE ENGINEER\PROJECTS\Football Goal\Football Goal\Debug\link.5416-cvtres.read.1.tlog
F:\CEN133-SOFTWARE ENGINEER\PROJECTS\Football Goal\Football Goal\Debug\link.5416-cvtres.write.1.tlog
F:\CEN133-SOFTWARE ENGINEER\PROJECTS\Football Goal\Football Goal\Debug\link.command.1.tlog
F:\CEN133-SOFTWARE ENGINEER\PROJECTS\Football Goal\Football Goal\Debug\link.read.1.tlog
F:\CEN133-SOFTWARE ENGINEER\PROJECTS\Football Goal\Football Goal\Debug\link.write.1.tlog
F:\CEN133-SOFTWARE ENGINEER\PROJECTS\Football Goal\Football Goal\Debug\link-cvtres.read.1.tlog
F:\CEN133-SOFTWARE ENGINEER\PROJECTS\Football Goal\Football Goal\Debug\link-cvtres.write.1.tlog
F:\CEN133-SOFTWARE ENGINEER\PROJECTS\Football Goal\Football Goal\Debug\mt.command.1.tlog
F:\CEN133-SOFTWARE ENGINEER\PROJECTS\Football Goal\Football Goal\Debug\mt.read.1.tlog
F:\CEN133-SOFTWARE ENGINEER\PROJECTS\Football Goal\Football Goal\Debug\mt.write.1.tlog
F:\CEN133-SOFTWARE ENGINEER\PROJECTS\Football Goal\Football Goal\Debug\rc.command.1.tlog
F:\CEN133-SOFTWARE ENGINEER\PROJECTS\Football Goal\Football Goal\Debug\rc.read.1.tlog
F:\CEN133-SOFTWARE ENGINEER\PROJECTS\Football Goal\Football Goal\Debug\rc.write.1.tlog
F:\CEN133-SOFTWARE ENGINEER\PROJECTS\Football Goal\Football Goal\Debug\vc100.idb
F:\CEN133-SOFTWARE ENGINEER\PROJECTS\FOOTBALL GOAL\FOOTBALL GOAL\DEBUG\VC100.PDB
