Build started 4.10.2013 17:44:43.
     1>Project "F:\CEN133-SOFTWARE ENGINEER\PROJECTS\Football Goal\Football Goal\Football Goal.vcxproj" on node 2 (rebuild target(s)).
     1>_PrepareForClean:
         Deleting file "Debug\Football Goal.lastbuildstate".
       InitializeBuildStatus:
         Creating "Debug\Football Goal.unsuccessfulbuild" because "AlwaysCreate" was specified.
       ClCompile:
         C:\Program Files (x86)\Microsoft Visual Studio 10.0\VC\bin\CL.exe /c /ZI /nologo /W3 /WX- /Od /Oy- /D "WIN32" /D _DEBUG /D _CONSOLE /D "_UNICODE" /D "UNICODE" /Gm /EHsc /RTC1 /MDd /GS /fp:precise /Zc:wchar_t /Zc:forScope /Fo"Debug\\" /Fd"Debug\vc100.pdb" /Gd /TC /analyze- /errorReport:prompt goal.c
         goal.c
     1>f:\cen133-software engineer\projects\football goal\football goal\goal.c(27): warning C4013: 'displayMenu' undefined; assuming extern returning int
     1>f:\cen133-software engineer\projects\football goal\football goal\goal.c(45): warning C4996: 'fopen': This function or variable may be unsafe. Consider using fopen_s instead. To disable deprecation, use _CRT_SECURE_NO_WARNINGS. See online help for details.
                 c:\program files (x86)\microsoft visual studio 10.0\vc\include\stdio.h(234) : see declaration of 'fopen'
     1>f:\cen133-software engineer\projects\football goal\football goal\goal.c(60): warning C4996: 'fopen': This function or variable may be unsafe. Consider using fopen_s instead. To disable deprecation, use _CRT_SECURE_NO_WARNINGS. See online help for details.
                 c:\program files (x86)\microsoft visual studio 10.0\vc\include\stdio.h(234) : see declaration of 'fopen'
     1>f:\cen133-software engineer\projects\football goal\football goal\goal.c(77): warning C4996: 'gets': This function or variable may be unsafe. Consider using gets_s instead. To disable deprecation, use _CRT_SECURE_NO_WARNINGS. See online help for details.
                 c:\program files (x86)\microsoft visual studio 10.0\vc\include\stdio.h(277) : see declaration of 'gets'
     1>f:\cen133-software engineer\projects\football goal\football goal\goal.c(80): warning C4996: 'gets': This function or variable may be unsafe. Consider using gets_s instead. To disable deprecation, use _CRT_SECURE_NO_WARNINGS. See online help for details.
                 c:\program files (x86)\microsoft visual studio 10.0\vc\include\stdio.h(277) : see declaration of 'gets'
     1>f:\cen133-software engineer\projects\football goal\football goal\goal.c(83): warning C4996: 'scanf': This function or variable may be unsafe. Consider using scanf_s instead. To disable deprecation, use _CRT_SECURE_NO_WARNINGS. See online help for details.
                 c:\program files (x86)\microsoft visual studio 10.0\vc\include\stdio.h(304) : see declaration of 'scanf'
     1>f:\cen133-software engineer\projects\football goal\football goal\goal.c(111): warning C4996: 'gets': This function or variable may be unsafe. Consider using gets_s instead. To disable deprecation, use _CRT_SECURE_NO_WARNINGS. See online help for details.
                 c:\program files (x86)\microsoft visual studio 10.0\vc\include\stdio.h(277) : see declaration of 'gets'
     1>f:\cen133-software engineer\projects\football goal\football goal\goal.c(127): warning C4996: 'gets': This function or variable may be unsafe. Consider using gets_s instead. To disable deprecation, use _CRT_SECURE_NO_WARNINGS. See online help for details.
                 c:\program files (x86)\microsoft visual studio 10.0\vc\include\stdio.h(277) : see declaration of 'gets'
     1>f:\cen133-software engineer\projects\football goal\football goal\goal.c(130): warning C4996: 'gets': This function or variable may be unsafe. Consider using gets_s instead. To disable deprecation, use _CRT_SECURE_NO_WARNINGS. See online help for details.
                 c:\program files (x86)\microsoft visual studio 10.0\vc\include\stdio.h(277) : see declaration of 'gets'
     1>f:\cen133-software engineer\projects\football goal\football goal\goal.c(133): warning C4996: 'scanf': This function or variable may be unsafe. Consider using scanf_s instead. To disable deprecation, use _CRT_SECURE_NO_WARNINGS. See online help for details.
                 c:\program files (x86)\microsoft visual studio 10.0\vc\include\stdio.h(304) : see declaration of 'scanf'
     1>f:\cen133-software engineer\projects\football goal\football goal\goal.c(153): warning C4996: 'scanf': This function or variable may be unsafe. Consider using scanf_s instead. To disable deprecation, use _CRT_SECURE_NO_WARNINGS. See online help for details.
                 c:\program files (x86)\microsoft visual studio 10.0\vc\include\stdio.h(304) : see declaration of 'scanf'
       ManifestResourceCompile:
         C:\Program Files (x86)\Microsoft SDKs\Windows\v7.0A\bin\rc.exe /nologo /fo"Debug\Football Goal.exe.embed.manifest.res" "Debug\Football Goal_manifest.rc" 
       Link:
         C:\Program Files (x86)\Microsoft Visual Studio 10.0\VC\bin\link.exe /ERRORREPORT:PROMPT /OUT:"F:\CEN133-SOFTWARE ENGINEER\PROJECTS\Football Goal\Debug\Football Goal.exe" /INCREMENTAL /NOLOGO kernel32.lib user32.lib gdi32.lib winspool.lib comdlg32.lib advapi32.lib shell32.lib ole32.lib oleaut32.lib uuid.lib odbc32.lib odbccp32.lib /MANIFEST /ManifestFile:"Debug\Football Goal.exe.intermediate.manifest" /MANIFESTUAC:"level='asInvoker' uiAccess='false'" /DEBUG /PDB:"F:\CEN133-SOFTWARE ENGINEER\PROJECTS\Football Goal\Debug\Football Goal.pdb" /SUBSYSTEM:CONSOLE /TLBID:1 /DYNAMICBASE /NXCOMPAT /IMPLIB:"F:\CEN133-SOFTWARE ENGINEER\PROJECTS\Football Goal\Debug\Football Goal.lib" /MACHINE:X86 "Debug\Football Goal.exe.embed.manifest.res"
         Debug\goal.obj
       Manifest:
         Deleting file "Debug\Football Goal.exe.embed.manifest".
         C:\Program Files (x86)\Microsoft SDKs\Windows\v7.0A\bin\mt.exe /nologo /verbose /out:"Debug\Football Goal.exe.embed.manifest" /manifest "Debug\Football Goal.exe.intermediate.manifest"
         C:\Program Files (x86)\Microsoft SDKs\Windows\v7.0A\bin\rc.exe /nologo /fo"Debug\Football Goal.exe.embed.manifest.res" "Debug\Football Goal_manifest.rc" 
       LinkEmbedManifest:
         C:\Program Files (x86)\Microsoft Visual Studio 10.0\VC\bin\link.exe /ERRORREPORT:PROMPT /OUT:"F:\CEN133-SOFTWARE ENGINEER\PROJECTS\Football Goal\Debug\Football Goal.exe" /INCREMENTAL /NOLOGO kernel32.lib user32.lib gdi32.lib winspool.lib comdlg32.lib advapi32.lib shell32.lib ole32.lib oleaut32.lib uuid.lib odbc32.lib odbccp32.lib /MANIFEST /ManifestFile:"Debug\Football Goal.exe.intermediate.manifest" /MANIFESTUAC:"level='asInvoker' uiAccess='false'" /DEBUG /PDB:"F:\CEN133-SOFTWARE ENGINEER\PROJECTS\Football Goal\Debug\Football Goal.pdb" /SUBSYSTEM:CONSOLE /TLBID:1 /DYNAMICBASE /NXCOMPAT /IMPLIB:"F:\CEN133-SOFTWARE ENGINEER\PROJECTS\Football Goal\Debug\Football Goal.lib" /MACHINE:X86 "Debug\Football Goal.exe.embed.manifest.res"
         Debug\goal.obj
         Football Goal.vcxproj -> F:\CEN133-SOFTWARE ENGINEER\PROJECTS\Football Goal\Debug\Football Goal.exe
       FinalizeBuildStatus:
         Deleting file "Debug\Football Goal.unsuccessfulbuild".
         Touching "Debug\Football Goal.lastbuildstate".
     1>Done Building Project "F:\CEN133-SOFTWARE ENGINEER\PROJECTS\Football Goal\Football Goal\Football Goal.vcxproj" (rebuild target(s)).

Build succeeded.

Time Elapsed 00:00:00.64
